<?xml version="1.0" encoding="UTF-8"?>
<testng-results ignored="0" total="1" passed="1" failed="0" skipped="0">
  <reporter-output>
  </reporter-output>
  <suite started-at="2025-09-24T21:05:53 IST" name="Command line suite" finished-at="2025-09-24T21:06:36 IST" duration-ms="43563">
    <groups>
    </groups>
    <test started-at="2025-09-24T21:05:53 IST" name="Command line test" finished-at="2025-09-24T21:06:36 IST" duration-ms="43563">
      <class name="com.example.appium.tests.SchedulerTest">
        <test-method is-config="true" signature="setUp()[pri:0, instance:com.example.appium.tests.SchedulerTest@1da2cb77]" started-at="2025-09-24T21:05:53 IST" name="setUp" finished-at="2025-09-24T21:06:03 IST" duration-ms="9919" status="PASS">
          <reporter-output>
          </reporter-output>
        </test-method> <!-- setUp -->
        <test-method signature="testAppLaunchAndCopyText()[pri:0, instance:com.example.appium.tests.SchedulerTest@1da2cb77]" started-at="2025-09-24T21:06:03 IST" name="testAppLaunchAndCopyText" description="Launch Delhivery Consignee App, wait 30 seconds, copy screen text and quit" finished-at="2025-09-24T21:06:36 IST" duration-ms="33237" status="PASS">
          <reporter-output>
          </reporter-output>
        </test-method> <!-- testAppLaunchAndCopyText -->
        <test-method is-config="true" signature="tearDown()[pri:0, instance:com.example.appium.tests.SchedulerTest@1da2cb77]" started-at="2025-09-24T21:06:36 IST" name="tearDown" finished-at="2025-09-24T21:06:36 IST" duration-ms="328" status="PASS">
          <reporter-output>
          </reporter-output>
        </test-method> <!-- tearDown -->
      </class> <!-- com.example.appium.tests.SchedulerTest -->
    </test> <!-- Command line test -->
  </suite> <!-- Command line suite -->
</testng-results>
